bot is online
command receieved :!play led zeppelin kashmir
makeUrlCall
makign youtube search for  led zeppelin kashmir
youtube search response : tzVJPgCn-Z8
setupSong
added song url to songs array https://www.youtube.com/watch?v=tzVJPgCn-Z8
bot is joining voice channel
playSong : https://www.youtube.com/watch?v=tzVJPgCn-Z8
no more songs
started idle timer
command receieved :!play led zeppelin no quarter
makeUrlCall
makign youtube search for  led zeppelin no quarter
youtube search response : Pu94mWlgzMY
setupSong
added song url to songs array https://www.youtube.com/watch?v=Pu94mWlgzMY
playSong : https://www.youtube.com/watch?v=Pu94mWlgzMY
no more songs
started idle timer
disconnecting bot
command receieved :!play https://youtu.be/39B4_JNy-X4
command receieved :!play https://youtu.be/39B4_JNy-X4
setupSong
added song url to songs array https://www.youtube.com/watch?v=39B4_JNy-X4
bot is joining voice channel
playSong : https://www.youtube.com/watch?v=39B4_JNy-X4
no more songs
started idle timer
command receieved :!play https://www.youtube.com/watch?v=oBRt9OifJvE
setupSong
added song url to songs array https://www.youtube.com/watch?v=oBRt9OifJvE
playSong : https://www.youtube.com/watch?v=oBRt9OifJvE
no more songs
started idle timer
command receieved :!play https://youtu.be/39B4_JNy-X4
setupSong
added song url to songs array https://www.youtube.com/watch?v=39B4_JNy-X4
playSong : https://www.youtube.com/watch?v=39B4_JNy-X4
no more songs
started idle timer
disconnecting bot
command receieved :!play ten years gone led
makeUrlCall
makign youtube search for  ten years gone led
youtube search response : DBzuYNK95sM
setupSong
added song url to songs array https://www.youtube.com/watch?v=DBzuYNK95sM
bot is joining voice channel
playSong : https://www.youtube.com/watch?v=DBzuYNK95sM
command receieved :!play billy joel upTown girl
makeUrlCall
makign youtube search for  billy joel upTown girl
youtube search response : hCuMWrfXG4E
setupSong
added song url to songs array https://www.youtube.com/watch?v=hCuMWrfXG4E
command receieved :!skip
playSong : https://www.youtube.com/watch?v=hCuMWrfXG4E
no more songs
started idle timer
disconnecting bot
command receieved :!play synthwave glitch mix
makeUrlCall
makign youtube search for  synthwave glitch mix
youtube search response : isIj3tuQTDY
setupSong
added song url to songs array https://www.youtube.com/watch?v=isIj3tuQTDY
bot is joining voice channel
playSong : https://www.youtube.com/watch?v=isIj3tuQTDY
command receieved :!stop
no more songs
started idle timer
disconnecting bot
command receieved :!play young turks
makeUrlCall
makign youtube search for  young turks
youtube search response : undefined
setupSong
ytdl getInfo error
command receieved :!play something
makeUrlCall
makign youtube search for  something
youtube search response : UelDrZ1aFeY
setupSong
added song url to songs array https://www.youtube.com/watch?v=UelDrZ1aFeY
bot is joining voice channel
playSong : https://www.youtube.com/watch?v=UelDrZ1aFeY
command receieved :!play young turks
makeUrlCall
makign youtube search for  young turks
youtube search response : undefined
setupSong
ytdl getInfo error
command receieved :!play gta san andreas young turks
makeUrlCall
makign youtube search for  gta san andreas young turks
youtube search response : YTcbTHti39U
setupSong
added song url to songs array https://www.youtube.com/watch?v=YTcbTHti39U
command receieved :!skip
playSong : https://www.youtube.com/watch?v=YTcbTHti39U
no more songs
started idle timer
disconnecting bot
command receieved :!play rimworld soundtrack
makeUrlCall
makign youtube search for  rimworld soundtrack
youtube search response : TXQBHblSCIc
setupSong
added song url to songs array https://www.youtube.com/watch?v=TXQBHblSCIc
bot is joining voice channel
playSong : https://www.youtube.com/watch?v=TXQBHblSCIc
command receieved :!play rimworld tribal
makeUrlCall
makign youtube search for  rimworld tribal
youtube search response : _nIFhpbc_4Q
setupSong
added song url to songs array https://www.youtube.com/watch?v=_nIFhpbc_4Q
command receieved :!stop
no more songs
started idle timer
disconnecting bot
bot is online
command receieved :!play led zeppelin since ive been loving you
command receieved :!play blissful solitude ambient mix
makeUrlCall
makign youtube search for  blissful solitude ambient mix
youtube search response : dTW2MxfqVLI
setupSong
added song url to songs array https://www.youtube.com/watch?v=dTW2MxfqVLI
bot is joining voice channel
playSong : https://www.youtube.com/watch?v=dTW2MxfqVLI
command receieved :!play blissful solitude ambient mix
makeUrlCall
makign youtube search for  blissful solitude ambient mix
youtube search response : dTW2MxfqVLI
setupSong
command receieved :!play blissful solitude ambient mix
makeUrlCall
makign youtube search for  blissful solitude ambient mix
youtube search response : dTW2MxfqVLI
setupSong
added song url to songs array https://www.youtube.com/watch?v=dTW2MxfqVLI
command receieved :!play blissful solitude ambient mix
makeUrlCall
makign youtube search for  blissful solitude ambient mix
youtube search response : dTW2MxfqVLI
setupSong
added song url to songs array https://www.youtube.com/watch?v=dTW2MxfqVLI
added song url to songs array https://www.youtube.com/watch?v=dTW2MxfqVLI
command receieved :!play blissful solitude ambient mix
makeUrlCall
makign youtube search for  blissful solitude ambient mix
youtube search response : dTW2MxfqVLI
setupSong
command receieved :!play blissful solitude ambient mix
makeUrlCall
makign youtube search for  blissful solitude ambient mix
youtube search response : dTW2MxfqVLI
setupSong
command receieved :!play blissful solitude ambient mix
makeUrlCall
makign youtube search for  blissful solitude ambient mix
added song url to songs array https://www.youtube.com/watch?v=dTW2MxfqVLI
added song url to songs array https://www.youtube.com/watch?v=dTW2MxfqVLI
youtube search response : dTW2MxfqVLI
setupSong
command receieved :!play blissful solitude ambient mix
makeUrlCall
makign youtube search for  blissful solitude ambient mix
youtube search response : dTW2MxfqVLI
setupSong
command receieved :!play blissful solitude ambient mix
makeUrlCall
makign youtube search for  blissful solitude ambient mix
youtube search response : dTW2MxfqVLI
setupSong
added song url to songs array https://www.youtube.com/watch?v=dTW2MxfqVLI
added song url to songs array https://www.youtube.com/watch?v=dTW2MxfqVLI
added song url to songs array https://www.youtube.com/watch?v=dTW2MxfqVLI
command receieved :!play mr saxobeat
makeUrlCall
makign youtube search for  mr saxobeat
youtube search response : sS76eS34Y0c
setupSong
added song url to songs array https://www.youtube.com/watch?v=sS76eS34Y0c
command receieved :!skip
playSong : https://www.youtube.com/watch?v=dTW2MxfqVLI
command receieved :!skip
playSong : https://www.youtube.com/watch?v=dTW2MxfqVLI
command receieved :!skip
playSong : https://www.youtube.com/watch?v=dTW2MxfqVLI
command receieved :!skip
playSong : https://www.youtube.com/watch?v=dTW2MxfqVLI
command receieved :!skip
playSong : https://www.youtube.com/watch?v=dTW2MxfqVLI
command receieved :!skip
playSong : https://www.youtube.com/watch?v=dTW2MxfqVLI
command receieved :!skip
playSong : https://www.youtube.com/watch?v=dTW2MxfqVLI
command receieved :!skip
playSong : https://www.youtube.com/watch?v=dTW2MxfqVLI
command receieved :!skip
playSong : https://www.youtube.com/watch?v=sS76eS34Y0c
no more songs
started idle timer
disconnecting bot
command receieved :!play https://www.youtube.com/watch?v=_OkvnfzL93o
setupSong
added song url to songs array https://www.youtube.com/watch?v=_OkvnfzL93o
bot is joining voice channel
playSong : https://www.youtube.com/watch?v=_OkvnfzL93o
no more songs
started idle timer
disconnecting bot
command receieved :!play osk aurora
makeUrlCall
makign youtube search for  osk aurora
youtube search response : 222Aae8SVO0
setupSong
added song url to songs array https://www.youtube.com/watch?v=222Aae8SVO0
bot is joining voice channel
playSong : https://www.youtube.com/watch?v=222Aae8SVO0
no more songs
started idle timer
